Replace Part C? UUD1H221MNL1GS in D:\Google Drive\Shematics and PCB Designs\Buck Converter\Multiple Buck Converter\Multiple Buck Converter.SchDoc with UUD1H221MNL1GS from Multiple Buck Converter.SchLib
Replace Part C? CC1206KRX7R9BB104 in D:\Google Drive\Shematics and PCB Designs\Buck Converter\Multiple Buck Converter\Multiple Buck Converter.SchDoc with CC1206KRX7R9BB104 from Multiple Buck Converter.SchLib
Replace Part C? UUD1H221MNL1GS in D:\Google Drive\Shematics and PCB Designs\Buck Converter\Multiple Buck Converter\Multiple Buck Converter.SchDoc with UUD1H221MNL1GS from Multiple Buck Converter.SchLib
Replace Part C? CC1206KRX7R9BB104 in D:\Google Drive\Shematics and PCB Designs\Buck Converter\Multiple Buck Converter\Multiple Buck Converter.SchDoc with CC1206KRX7R9BB104 from Multiple Buck Converter.SchLib
Replace Part C? UUD1H221MNL1GS in D:\Google Drive\Shematics and PCB Designs\Buck Converter\Multiple Buck Converter\Multiple Buck Converter.SchDoc with UUD1H221MNL1GS from Multiple Buck Converter.SchLib
Replace Part C? CC0805GRNPO0BN561 in D:\Google Drive\Shematics and PCB Designs\Buck Converter\Multiple Buck Converter\Multiple Buck Converter.SchDoc with CC0805GRNPO0BN561 from Multiple Buck Converter.SchLib
Replace Part C? UUD1H221MNL1GS in D:\Google Drive\Shematics and PCB Designs\Buck Converter\Multiple Buck Converter\Multiple Buck Converter.SchDoc with UUD1H221MNL1GS from Multiple Buck Converter.SchLib
Replace Part C? CC1206KRX7R9BB104 in D:\Google Drive\Shematics and PCB Designs\Buck Converter\Multiple Buck Converter\Multiple Buck Converter.SchDoc with CC1206KRX7R9BB104 from Multiple Buck Converter.SchLib
Replace Part C? UUD1H221MNL1GS in D:\Google Drive\Shematics and PCB Designs\Buck Converter\Multiple Buck Converter\Multiple Buck Converter.SchDoc with UUD1H221MNL1GS from Multiple Buck Converter.SchLib
Replace Part C? CC0805GRNPO0BN561 in D:\Google Drive\Shematics and PCB Designs\Buck Converter\Multiple Buck Converter\Multiple Buck Converter.SchDoc with CC0805GRNPO0BN561 from Multiple Buck Converter.SchLib
Replace Part C? UUD1H221MNL1GS in D:\Google Drive\Shematics and PCB Designs\Buck Converter\Multiple Buck Converter\Multiple Buck Converter.SchDoc with UUD1H221MNL1GS from Multiple Buck Converter.SchLib
Replace Part C? CC1206KRX7R9BB104 in D:\Google Drive\Shematics and PCB Designs\Buck Converter\Multiple Buck Converter\Multiple Buck Converter.SchDoc with CC1206KRX7R9BB104 from Multiple Buck Converter.SchLib
Replace Part C? CA45-C016M107T in D:\Google Drive\Shematics and PCB Designs\Buck Converter\Multiple Buck Converter\Multiple Buck Converter.SchDoc with CA45-C016M107T from Multiple Buck Converter.SchLib
Replace Part C? UUD1H221MNL1GS in D:\Google Drive\Shematics and PCB Designs\Buck Converter\Multiple Buck Converter\Multiple Buck Converter.SchDoc with UUD1H221MNL1GS from Multiple Buck Converter.SchLib
Replace Part C? CC1206KRX7R9BB104 in D:\Google Drive\Shematics and PCB Designs\Buck Converter\Multiple Buck Converter\Multiple Buck Converter.SchDoc with CC1206KRX7R9BB104 from Multiple Buck Converter.SchLib
Replace Part C? CC1206KKX7RDBB102 in D:\Google Drive\Shematics and PCB Designs\Buck Converter\Multiple Buck Converter\Multiple Buck Converter.SchDoc with CC1206KKX7RDBB102 from Multiple Buck Converter.SchLib
Replace Part C? CA45-C016M107T in D:\Google Drive\Shematics and PCB Designs\Buck Converter\Multiple Buck Converter\Multiple Buck Converter.SchDoc with CA45-C016M107T from Multiple Buck Converter.SchLib
Replace Part D? SS34 in D:\Google Drive\Shematics and PCB Designs\Buck Converter\Multiple Buck Converter\Multiple Buck Converter.SchDoc with SS34 from Multiple Buck Converter.SchLib
Replace Part D? SS34 in D:\Google Drive\Shematics and PCB Designs\Buck Converter\Multiple Buck Converter\Multiple Buck Converter.SchDoc with SS34 from Multiple Buck Converter.SchLib
Replace Part D? SS34 in D:\Google Drive\Shematics and PCB Designs\Buck Converter\Multiple Buck Converter\Multiple Buck Converter.SchDoc with SS34 from Multiple Buck Converter.SchLib
Replace Part D? SS34 in D:\Google Drive\Shematics and PCB Designs\Buck Converter\Multiple Buck Converter\Multiple Buck Converter.SchDoc with SS34 from Multiple Buck Converter.SchLib
Replace Part D? SS34 in D:\Google Drive\Shematics and PCB Designs\Buck Converter\Multiple Buck Converter\Multiple Buck Converter.SchDoc with SS34 from Multiple Buck Converter.SchLib
Replace Part L? DS1207_100uH in D:\Google Drive\Shematics and PCB Designs\Buck Converter\Multiple Buck Converter\Multiple Buck Converter.SchDoc with DS1207_100uH from Multiple Buck Converter.SchLib
Replace Part L? DS1207_100uH in D:\Google Drive\Shematics and PCB Designs\Buck Converter\Multiple Buck Converter\Multiple Buck Converter.SchDoc with DS1207_100uH from Multiple Buck Converter.SchLib
Replace Part L? DS1207_100uH in D:\Google Drive\Shematics and PCB Designs\Buck Converter\Multiple Buck Converter\Multiple Buck Converter.SchDoc with DS1207_100uH from Multiple Buck Converter.SchLib
Replace Part L? DS1207_100uH in D:\Google Drive\Shematics and PCB Designs\Buck Converter\Multiple Buck Converter\Multiple Buck Converter.SchDoc with DS1207_100uH from Multiple Buck Converter.SchLib
Replace Part L? DS1207_150uH in D:\Google Drive\Shematics and PCB Designs\Buck Converter\Multiple Buck Converter\Multiple Buck Converter.SchDoc with DS1207_150uH from Multiple Buck Converter.SchLib
Replace Part R? RC1206FR-0747KL in D:\Google Drive\Shematics and PCB Designs\Buck Converter\Multiple Buck Converter\Multiple Buck Converter.SchDoc with RC1206FR-0747KL from Multiple Buck Converter.SchLib
Replace Part R? RC1206FR-0747KL in D:\Google Drive\Shematics and PCB Designs\Buck Converter\Multiple Buck Converter\Multiple Buck Converter.SchDoc with RC1206FR-0747KL from Multiple Buck Converter.SchLib
Replace Part R? RC1206FR-0747KL in D:\Google Drive\Shematics and PCB Designs\Buck Converter\Multiple Buck Converter\Multiple Buck Converter.SchDoc with RC1206FR-0747KL from Multiple Buck Converter.SchLib
Replace Part R? RC1206FR-0747KL in D:\Google Drive\Shematics and PCB Designs\Buck Converter\Multiple Buck Converter\Multiple Buck Converter.SchDoc with RC1206FR-0747KL from Multiple Buck Converter.SchLib
Replace Part R? RC1206FR-0715KL in D:\Google Drive\Shematics and PCB Designs\Buck Converter\Multiple Buck Converter\Multiple Buck Converter.SchDoc with RC1206FR-0715KL from Multiple Buck Converter.SchLib
Replace Part R? RC1206FR-071KL in D:\Google Drive\Shematics and PCB Designs\Buck Converter\Multiple Buck Converter\Multiple Buck Converter.SchDoc with RC1206FR-071KL from Multiple Buck Converter.SchLib
Replace Part R? RC1206FR-0747KL in D:\Google Drive\Shematics and PCB Designs\Buck Converter\Multiple Buck Converter\Multiple Buck Converter.SchDoc with RC1206FR-0747KL from Multiple Buck Converter.SchLib
Replace Part R? RC1206FR-0747KL in D:\Google Drive\Shematics and PCB Designs\Buck Converter\Multiple Buck Converter\Multiple Buck Converter.SchDoc with RC1206FR-0747KL from Multiple Buck Converter.SchLib
Replace Part R? RC1206FR-0715KL in D:\Google Drive\Shematics and PCB Designs\Buck Converter\Multiple Buck Converter\Multiple Buck Converter.SchDoc with RC1206FR-0715KL from Multiple Buck Converter.SchLib
Replace Part R? RC1206FR-071KL in D:\Google Drive\Shematics and PCB Designs\Buck Converter\Multiple Buck Converter\Multiple Buck Converter.SchDoc with RC1206FR-071KL from Multiple Buck Converter.SchLib
Replace Part R? RC1206FR-0747KL in D:\Google Drive\Shematics and PCB Designs\Buck Converter\Multiple Buck Converter\Multiple Buck Converter.SchDoc with RC1206FR-0747KL from Multiple Buck Converter.SchLib
Replace Part R? RC1206FR-0747KL in D:\Google Drive\Shematics and PCB Designs\Buck Converter\Multiple Buck Converter\Multiple Buck Converter.SchDoc with RC1206FR-0747KL from Multiple Buck Converter.SchLib
Replace Part R? RC1206FR-0747KL in D:\Google Drive\Shematics and PCB Designs\Buck Converter\Multiple Buck Converter\Multiple Buck Converter.SchDoc with RC1206FR-0747KL from Multiple Buck Converter.SchLib
Replace Part R? RC1206FR-0747KL in D:\Google Drive\Shematics and PCB Designs\Buck Converter\Multiple Buck Converter\Multiple Buck Converter.SchDoc with RC1206FR-0747KL from Multiple Buck Converter.SchLib
Replace Part R? RC1206FR-071KL in D:\Google Drive\Shematics and PCB Designs\Buck Converter\Multiple Buck Converter\Multiple Buck Converter.SchDoc with RC1206FR-071KL from Multiple Buck Converter.SchLib
Replace Part R? RC1206FR-076K8L in D:\Google Drive\Shematics and PCB Designs\Buck Converter\Multiple Buck Converter\Multiple Buck Converter.SchDoc with RC1206FR-076K8L from Multiple Buck Converter.SchLib
Replace Part U? LM2596SX-ADJ/NOPB in D:\Google Drive\Shematics and PCB Designs\Buck Converter\Multiple Buck Converter\Multiple Buck Converter.SchDoc with LM2596SX-ADJ/NOPB from Multiple Buck Converter.SchLib
Replace Part U? LM2596SX-ADJ/NOPB in D:\Google Drive\Shematics and PCB Designs\Buck Converter\Multiple Buck Converter\Multiple Buck Converter.SchDoc with LM2596SX-ADJ/NOPB from Multiple Buck Converter.SchLib
Replace Part U? LM2596SX-ADJ/NOPB in D:\Google Drive\Shematics and PCB Designs\Buck Converter\Multiple Buck Converter\Multiple Buck Converter.SchDoc with LM2596SX-ADJ/NOPB from Multiple Buck Converter.SchLib
Replace Part U? LM2596SX-ADJ/NOPB in D:\Google Drive\Shematics and PCB Designs\Buck Converter\Multiple Buck Converter\Multiple Buck Converter.SchDoc with LM2596SX-ADJ/NOPB from Multiple Buck Converter.SchLib
Replace Part U? LM2596SX-ADJ/NOPB in D:\Google Drive\Shematics and PCB Designs\Buck Converter\Multiple Buck Converter\Multiple Buck Converter.SchDoc with LM2596SX-ADJ/NOPB from Multiple Buck Converter.SchLib
