Change Physical Footprint: Designator=C1 Old Footprint=C0805 New Footprint=C0805
Change Physical Footprint: Designator=C2 Old Footprint=CAPAE1030X1080N New Footprint=CAPAE1030X1080N
Change Physical Footprint: Designator=C3 Old Footprint=CAP_1206 New Footprint=CAP_1206
Change Physical Footprint: Designator=C4 Old Footprint=CAPPM7343X310N New Footprint=CAPPM7343X310N
Change Physical Footprint: Designator=C5 Old Footprint=CAPAE1030X1080N New Footprint=CAPAE1030X1080N
Change Physical Footprint: Designator=C6 Old Footprint=CAP_1206 New Footprint=CAP_1206
Change Physical Footprint: Designator=C7 Old Footprint=CAPAE1030X1080N New Footprint=CAPAE1030X1080N
Change Physical Footprint: Designator=C8 Old Footprint=CAPAE1030X1080N New Footprint=CAPAE1030X1080N
Change Physical Footprint: Designator=C9 Old Footprint=CAP_1206 New Footprint=CAP_1206
Change Physical Footprint: Designator=C10 Old Footprint=CAPPM6032X280N New Footprint=CAPPM6032X280N
Change Physical Footprint: Designator=C11 Old Footprint=C0805 New Footprint=C0805
Change Physical Footprint: Designator=C12 Old Footprint=CAP_1206 New Footprint=CAP_1206
Change Physical Footprint: Designator=C13 Old Footprint=CAPAE1030X1080N New Footprint=CAPAE1030X1080N
Change Physical Footprint: Designator=C14 Old Footprint=CAP_1206 New Footprint=CAP_1206
Change Physical Footprint: Designator=C15 Old Footprint=CAPAE1030X1080N New Footprint=CAPAE1030X1080N
Change Physical Footprint: Designator=C16 Old Footprint=CAPAE1030X1080N New Footprint=CAPAE1030X1080N
Change Physical Footprint: Designator=C17 Old Footprint=CAP_1206 New Footprint=CAP_1206
Change Physical Footprint: Designator=C18 Old Footprint=CAPPM6032X280N New Footprint=CAPPM6032X280N
Change Physical Footprint: Designator=D1 Old Footprint=SS34-1 New Footprint=SS34-1
Change Physical Footprint: Designator=D2 Old Footprint=SS34-1 New Footprint=SS34-1
Change Physical Footprint: Designator=D3 Old Footprint=SS34-1 New Footprint=SS34-1
Change Physical Footprint: Designator=D4 Old Footprint=SS34-1 New Footprint=SS34-1
Change Physical Footprint: Designator=D5 Old Footprint=SS34-1 New Footprint=SS34-1
Change Physical Footprint: Designator=J1 Old Footprint=KF25C-7.62-2P New Footprint=KF25C-7.62-2P
Change Physical Footprint: Designator=J2 Old Footprint=KF25C-7.62-2P New Footprint=KF25C-7.62-2P
Change Physical Footprint: Designator=J3 Old Footprint=KF25C-7.62-2P New Footprint=KF25C-7.62-2P
Change Physical Footprint: Designator=J4 Old Footprint=KF25C-7.62-2P New Footprint=KF25C-7.62-2P
Change Physical Footprint: Designator=J5 Old Footprint=KF25C-7.62-2P New Footprint=KF25C-7.62-2P
Change Physical Footprint: Designator=J6 Old Footprint=KF25C-7.62-2P New Footprint=KF25C-7.62-2P
Change Physical Footprint: Designator=L1 Old Footprint=DS1207 New Footprint=DS1207
Change Physical Footprint: Designator=L2 Old Footprint=DS1207 New Footprint=DS1207
Change Physical Footprint: Designator=L3 Old Footprint=DS1207 New Footprint=DS1207
Change Physical Footprint: Designator=L4 Old Footprint=DS1207 New Footprint=DS1207
Change Physical Footprint: Designator=L5 Old Footprint=DS1207 New Footprint=DS1207
Change Physical Footprint: Designator=R1 Old Footprint=RES_1206 New Footprint=RES_1206
Change Physical Footprint: Designator=R2 Old Footprint=RES_1206 New Footprint=RES_1206
Change Physical Footprint: Designator=R3 Old Footprint=RES_1206 New Footprint=RES_1206
Change Physical Footprint: Designator=R4 Old Footprint=RES_1206 New Footprint=RES_1206
Change Physical Footprint: Designator=R5 Old Footprint=RES_1206 New Footprint=RES_1206
Change Physical Footprint: Designator=R6 Old Footprint=RES_1206 New Footprint=RES_1206
Change Physical Footprint: Designator=R7 Old Footprint=RES_1206 New Footprint=RES_1206
Change Physical Footprint: Designator=R8 Old Footprint=RES_1206 New Footprint=RES_1206
Change Physical Footprint: Designator=R9 Old Footprint=RES_1206 New Footprint=RES_1206
Change Physical Footprint: Designator=R10 Old Footprint=RES_1206 New Footprint=RES_1206
Change Physical Footprint: Designator=R11 Old Footprint=RES_1206 New Footprint=RES_1206
Change Physical Footprint: Designator=R12 Old Footprint=RES_1206 New Footprint=RES_1206
Change Physical Footprint: Designator=R13 Old Footprint=RES_1206 New Footprint=RES_1206
Change Physical Footprint: Designator=R14 Old Footprint=RES_1206 New Footprint=RES_1206
Change Physical Footprint: Designator=R15 Old Footprint=RES_1206 New Footprint=RES_1206
Change Physical Footprint: Designator=R16 Old Footprint=RES_1206 New Footprint=RES_1206
Change Physical Footprint: Designator=U1 Old Footprint=VREG_LM2596SX-ADJ/NOPB New Footprint=VREG_LM2596SX-ADJ/NOPB
Change Physical Footprint: Designator=U2 Old Footprint=VREG_LM2596SX-ADJ/NOPB New Footprint=VREG_LM2596SX-ADJ/NOPB
Change Physical Footprint: Designator=U3 Old Footprint=VREG_LM2596SX-ADJ/NOPB New Footprint=VREG_LM2596SX-ADJ/NOPB
Change Physical Footprint: Designator=U4 Old Footprint=VREG_LM2596SX-ADJ/NOPB New Footprint=VREG_LM2596SX-ADJ/NOPB
Change Physical Footprint: Designator=U5 Old Footprint=VREG_LM2596SX-ADJ/NOPB New Footprint=VREG_LM2596SX-ADJ/NOPB
